#-----------------------------------------------------------
# Vivado v2019.2 (64-bit)
# SW Build 2708876 on Wed Nov  6 21:40:23 MST 2019
# IP Build 2700528 on Thu Nov  7 00:09:20 MST 2019
# Start of session at: Wed Jul 26 14:49:59 2023
# Process ID: 30048
# Current directory: D:/FPGA_DATA/lab_practise/project_2
# Command line: vivado.exe -gui_launcher_event rodinguilauncherevent30472 D:\FPGA_DATA\lab_practise\project_2\project_2.xpr
# Log file: D:/FPGA_DATA/lab_practise/project_2/vivado.log
# Journal file: D:/FPGA_DATA/lab_practise/project_2\vivado.jou
#-----------------------------------------------------------
start_gui
open_project D:/FPGA_DATA/lab_practise/project_2/project_2.xpr
Scanning sources...
Finished scanning sources
INFO: [IP_Flow 19-234] Refreshing IP repositories
INFO: [IP_Flow 19-1704] No user IP repositories specified
INFO: [IP_Flow 19-2313] Loaded Vivado IP repository 'C:/Xilinx/Vivado/2019.2/data/ip'.
open_project: Time (s): cpu = 00:00:04 ; elapsed = 00:00:05 . Memory (MB): peak = 992.758 ; gain = 68.500
update_compile_order -fileset sources_1
